
> @zhama/a2ui@0.10.5 lint:fix /Users/yangtao/workspace/AI/zhama/platform/tego-os/zhama/a2ui
> eslint src --fix


/Users/yangtao/workspace/AI/zhama/platform/tego-os/zhama/a2ui/src/builders/component-builder.ts
   35:25  warning  Prefer using nullish coalescing operator (`??`) instead of a logical or (`||`), as it is a safer operator  @typescript-eslint/prefer-nullish-coalescing
   56:25  warning  Prefer using nullish coalescing operator (`??`) instead of a logical or (`||`), as it is a safer operator  @typescript-eslint/prefer-nullish-coalescing
   77:20  warning  Prefer using nullish coalescing operator (`??`) instead of a logical or (`||`), as it is a safer operator  @typescript-eslint/prefer-nullish-coalescing
   98:20  warning  Prefer using nullish coalescing operator (`??`) instead of a logical or (`||`), as it is a safer operator  @typescript-eslint/prefer-nullish-coalescing
  123:20  warning  Prefer using nullish coalescing operator (`??`) instead of a logical or (`||`), as it is a safer operator  @typescript-eslint/prefer-nullish-coalescing
  141:20  warning  Prefer using nullish coalescing operator (`??`) instead of a logical or (`||`), as it is a safer operator  @typescript-eslint/prefer-nullish-coalescing
  160:20  warning  Prefer using nullish coalescing operator (`??`) instead of a logical or (`||`), as it is a safer operator  @typescript-eslint/prefer-nullish-coalescing
  177:20  warning  Prefer using nullish coalescing operator (`??`) instead of a logical or (`||`), as it is a safer operator  @typescript-eslint/prefer-nullish-coalescing
  196:20  warning  Prefer using nullish coalescing operator (`??`) instead of a logical or (`||`), as it is a safer operator  @typescript-eslint/prefer-nullish-coalescing
  215:20  warning  Prefer using nullish coalescing operator (`??`) instead of a logical or (`||`), as it is a safer operator  @typescript-eslint/prefer-nullish-coalescing
  243:37  warning  Prefer using nullish coalescing operator (`??`) instead of a logical or (`||`), as it is a safer operator  @typescript-eslint/prefer-nullish-coalescing
  244:29  warning  Prefer using nullish coalescing operator (`??`) instead of a logical or (`||`), as it is a safer operator  @typescript-eslint/prefer-nullish-coalescing
  272:43  warning  Prefer using nullish coalescing operator (`??`) instead of a logical or (`||`), as it is a safer operator  @typescript-eslint/prefer-nullish-coalescing
  332:20  warning  Prefer using nullish coalescing operator (`??`) instead of a logical or (`||`), as it is a safer operator  @typescript-eslint/prefer-nullish-coalescing
  356:20  warning  Prefer using nullish coalescing operator (`??`) instead of a logical or (`||`), as it is a safer operator  @typescript-eslint/prefer-nullish-coalescing
  380:20  warning  Prefer using nullish coalescing operator (`??`) instead of a logical or (`||`), as it is a safer operator  @typescript-eslint/prefer-nullish-coalescing
  411:20  warning  Prefer using nullish coalescing operator (`??`) instead of a logical or (`||`), as it is a safer operator  @typescript-eslint/prefer-nullish-coalescing
  438:20  warning  Prefer using nullish coalescing operator (`??`) instead of a logical or (`||`), as it is a safer operator  @typescript-eslint/prefer-nullish-coalescing
  469:20  warning  Prefer using nullish coalescing operator (`??`) instead of a logical or (`||`), as it is a safer operator  @typescript-eslint/prefer-nullish-coalescing

/Users/yangtao/workspace/AI/zhama/platform/tego-os/zhama/a2ui/src/patterns/actions/action-button-group.ts
  66:35  warning  Prefer using nullish coalescing operator (`??`) instead of a logical or (`||`), as it is a safer operator  @typescript-eslint/prefer-nullish-coalescing

/Users/yangtao/workspace/AI/zhama/platform/tego-os/zhama/a2ui/src/patterns/actions/navigation-buttons.ts
   59:32  warning  Prefer using nullish coalescing operator (`??`) instead of a logical or (`||`), as it is a safer operator  @typescript-eslint/prefer-nullish-coalescing
  107:32  warning  Prefer using nullish coalescing operator (`??`) instead of a logical or (`||`), as it is a safer operator  @typescript-eslint/prefer-nullish-coalescing

/Users/yangtao/workspace/AI/zhama/platform/tego-os/zhama/a2ui/src/patterns/actions/option-buttons.ts
    7:27  warning  'createText' is defined but never used. Allowed unused vars must match /^_/u                               @typescript-eslint/no-unused-vars
  138:40  warning  Prefer using nullish coalescing operator (`??`) instead of a logical or (`||`), as it is a safer operator  @typescript-eslint/prefer-nullish-coalescing

/Users/yangtao/workspace/AI/zhama/platform/tego-os/zhama/a2ui/src/patterns/actions/step-indicator.ts
  100:39  warning  Prefer using nullish coalescing operator (`??`) instead of a logical or (`||`), as it is a safer operator  @typescript-eslint/prefer-nullish-coalescing
  110:37  warning  Prefer using nullish coalescing operator (`??`) instead of a logical or (`||`), as it is a safer operator  @typescript-eslint/prefer-nullish-coalescing

/Users/yangtao/workspace/AI/zhama/platform/tego-os/zhama/a2ui/src/patterns/cards/topic-card.ts
  191:29  warning  Prefer using nullish coalescing operator (`??`) instead of a logical or (`||`), as it is a safer operator  @typescript-eslint/prefer-nullish-coalescing
  200:29  warning  Prefer using nullish coalescing operator (`??`) instead of a logical or (`||`), as it is a safer operator  @typescript-eslint/prefer-nullish-coalescing
  238:32  warning  Prefer using nullish coalescing operator (`??`) instead of a logical or (`||`), as it is a safer operator  @typescript-eslint/prefer-nullish-coalescing
  282:49  warning  Prefer using nullish coalescing operator (`??`) instead of a logical or (`||`), as it is a safer operator  @typescript-eslint/prefer-nullish-coalescing
  283:51  warning  Prefer using nullish coalescing operator (`??`) instead of a logical or (`||`), as it is a safer operator  @typescript-eslint/prefer-nullish-coalescing
  284:62  warning  Prefer using nullish coalescing operator (`??`) instead of a logical or (`||`), as it is a safer operator  @typescript-eslint/prefer-nullish-coalescing
  306:47  warning  Prefer using nullish coalescing operator (`??`) instead of a logical or (`||`), as it is a safer operator  @typescript-eslint/prefer-nullish-coalescing

/Users/yangtao/workspace/AI/zhama/platform/tego-os/zhama/a2ui/src/patterns/charts/activity-heatmap.ts
   37:60  warning  'baseColor' is defined but never used. Allowed unused args must match /^_/u                                @typescript-eslint/no-unused-vars
   41:9   warning  'alpha' is assigned a value but never used. Allowed unused vars must match /^_/u                           @typescript-eslint/no-unused-vars
  160:63  warning  Prefer using nullish coalescing operator (`??`) instead of a logical or (`||`), as it is a safer operator  @typescript-eslint/prefer-nullish-coalescing
  161:42  warning  Prefer using nullish coalescing operator (`??`) instead of a logical or (`||`), as it is a safer operator  @typescript-eslint/prefer-nullish-coalescing

/Users/yangtao/workspace/AI/zhama/platform/tego-os/zhama/a2ui/src/patterns/charts/progress-chart.ts
  57:5   warning  'variant' is assigned a value but never used. Allowed unused vars must match /^_/u                         @typescript-eslint/no-unused-vars
  90:30  warning  Prefer using nullish coalescing operator (`??`) instead of a logical or (`||`), as it is a safer operator  @typescript-eslint/prefer-nullish-coalescing
  90:77  warning  Prefer using nullish coalescing operator (`??`) instead of a logical or (`||`), as it is a safer operator  @typescript-eslint/prefer-nullish-coalescing
  91:36  warning  Prefer using nullish coalescing operator (`??`) instead of a logical or (`||`), as it is a safer operator  @typescript-eslint/prefer-nullish-coalescing

/Users/yangtao/workspace/AI/zhama/platform/tego-os/zhama/a2ui/src/patterns/charts/timeline.ts
  67:9   warning  'isAlternating' is assigned a value but never used. Allowed unused vars must match /^_/u                   @typescript-eslint/no-unused-vars
  72:35  warning  Prefer using nullish coalescing operator (`??`) instead of a logical or (`||`), as it is a safer operator  @typescript-eslint/prefer-nullish-coalescing

/Users/yangtao/workspace/AI/zhama/platform/tego-os/zhama/a2ui/src/patterns/content/image-gallery.ts
  180:38  warning  Prefer using nullish coalescing operator (`??`) instead of a logical or (`||`), as it is a safer operator  @typescript-eslint/prefer-nullish-coalescing

/Users/yangtao/workspace/AI/zhama/platform/tego-os/zhama/a2ui/src/patterns/content/key-points.ts
  87:36  warning  Prefer using nullish coalescing operator (`??`) instead of a logical or (`||`), as it is a safer operator  @typescript-eslint/prefer-nullish-coalescing
  97:34  warning  Prefer using nullish coalescing operator (`??`) instead of a logical or (`||`), as it is a safer operator  @typescript-eslint/prefer-nullish-coalescing
  99:34  warning  Prefer using nullish coalescing operator (`??`) instead of a logical or (`||`), as it is a safer operator  @typescript-eslint/prefer-nullish-coalescing

/Users/yangtao/workspace/AI/zhama/platform/tego-os/zhama/a2ui/src/patterns/feedback/alert-banner.ts
  81:28  warning  Prefer using nullish coalescing operator (`??`) instead of a logical or (`||`), as it is a safer operator  @typescript-eslint/prefer-nullish-coalescing

/Users/yangtao/workspace/AI/zhama/platform/tego-os/zhama/a2ui/src/patterns/feedback/feedback-card.ts
  93:28  warning  Prefer using nullish coalescing operator (`??`) instead of a logical or (`||`), as it is a safer operator  @typescript-eslint/prefer-nullish-coalescing

/Users/yangtao/workspace/AI/zhama/platform/tego-os/zhama/a2ui/src/patterns/feedback/message-card.ts
  82:28  warning  Prefer using nullish coalescing operator (`??`) instead of a logical or (`||`), as it is a safer operator  @typescript-eslint/prefer-nullish-coalescing
  94:39  warning  Prefer using nullish coalescing operator (`??`) instead of a logical or (`||`), as it is a safer operator  @typescript-eslint/prefer-nullish-coalescing

/Users/yangtao/workspace/AI/zhama/platform/tego-os/zhama/a2ui/src/patterns/feedback/toast.ts
  61:28  warning  Prefer using nullish coalescing operator (`??`) instead of a logical or (`||`), as it is a safer operator  @typescript-eslint/prefer-nullish-coalescing

/Users/yangtao/workspace/AI/zhama/platform/tego-os/zhama/a2ui/src/patterns/forms/field-set.ts
  8:46  warning  'FormField' is defined but never used. Allowed unused vars must match /^_/u  @typescript-eslint/no-unused-vars

/Users/yangtao/workspace/AI/zhama/platform/tego-os/zhama/a2ui/src/patterns/forms/form-group.ts
  91:58  warning  Prefer using nullish coalescing operator (`??`) instead of a logical or (`||`), as it is a safer operator  @typescript-eslint/prefer-nullish-coalescing

/Users/yangtao/workspace/AI/zhama/platform/tego-os/zhama/a2ui/src/patterns/scene/layout.ts
   43:21  warning  Prefer using nullish coalescing operator (`??`) instead of a logical or (`||`), as it is a safer operator  @typescript-eslint/prefer-nullish-coalescing
   57:60  warning  Prefer using nullish coalescing operator (`??`) instead of a logical or (`||`), as it is a safer operator  @typescript-eslint/prefer-nullish-coalescing
   99:73  warning  Prefer using nullish coalescing operator (`??`) instead of a logical or (`||`), as it is a safer operator  @typescript-eslint/prefer-nullish-coalescing
  128:68  warning  Prefer using nullish coalescing operator (`??`) instead of a logical or (`||`), as it is a safer operator  @typescript-eslint/prefer-nullish-coalescing
  134:32  warning  Prefer using nullish coalescing operator (`??`) instead of a logical or (`||`), as it is a safer operator  @typescript-eslint/prefer-nullish-coalescing
  135:33  warning  Prefer using nullish coalescing operator (`??`) instead of a logical or (`||`), as it is a safer operator  @typescript-eslint/prefer-nullish-coalescing
  160:77  warning  Prefer using nullish coalescing operator (`??`) instead of a logical or (`||`), as it is a safer operator  @typescript-eslint/prefer-nullish-coalescing
  190:78  warning  Prefer using nullish coalescing operator (`??`) instead of a logical or (`||`), as it is a safer operator  @typescript-eslint/prefer-nullish-coalescing

/Users/yangtao/workspace/AI/zhama/platform/tego-os/zhama/a2ui/src/patterns/scene/scene-config.ts
  192:23  warning  Prefer using nullish coalescing operator (`??`) instead of a logical or (`||`), as it is a safer operator  @typescript-eslint/prefer-nullish-coalescing
  193:29  warning  Prefer using nullish coalescing operator (`??`) instead of a logical or (`||`), as it is a safer operator  @typescript-eslint/prefer-nullish-coalescing
  195:30  warning  Prefer using nullish coalescing operator (`??`) instead of a logical or (`||`), as it is a safer operator  @typescript-eslint/prefer-nullish-coalescing
  195:60  warning  Prefer using nullish coalescing operator (`??`) instead of a logical or (`||`), as it is a safer operator  @typescript-eslint/prefer-nullish-coalescing
  197:31  warning  Prefer using nullish coalescing operator (`??`) instead of a logical or (`||`), as it is a safer operator  @typescript-eslint/prefer-nullish-coalescing
  198:37  warning  Prefer using nullish coalescing operator (`??`) instead of a logical or (`||`), as it is a safer operator  @typescript-eslint/prefer-nullish-coalescing

/Users/yangtao/workspace/AI/zhama/platform/tego-os/zhama/a2ui/src/patterns/scene/scene-renderer.ts
   49:40  warning  'index' is defined but never used. Allowed unused args must match /^_/u                                    @typescript-eslint/no-unused-vars
   61:68  warning  Prefer using nullish coalescing operator (`??`) instead of a logical or (`||`), as it is a safer operator  @typescript-eslint/prefer-nullish-coalescing
  159:73  warning  Prefer using nullish coalescing operator (`??`) instead of a logical or (`||`), as it is a safer operator  @typescript-eslint/prefer-nullish-coalescing

/Users/yangtao/workspace/AI/zhama/platform/tego-os/zhama/a2ui/src/patterns/stats/badge.ts
  96:9  warning  'childListId' is assigned a value but never used. Allowed unused vars must match /^_/u  @typescript-eslint/no-unused-vars

/Users/yangtao/workspace/AI/zhama/platform/tego-os/zhama/a2ui/src/patterns/stats/metadata-row.ts
  66:27  warning  Prefer using nullish coalescing operator (`??`) instead of a logical or (`||`), as it is a safer operator  @typescript-eslint/prefer-nullish-coalescing
  76:27  warning  Prefer using nullish coalescing operator (`??`) instead of a logical or (`||`), as it is a safer operator  @typescript-eslint/prefer-nullish-coalescing

/Users/yangtao/workspace/AI/zhama/platform/tego-os/zhama/a2ui/src/patterns/stats/score-card.ts
  70:28  warning  Prefer using nullish coalescing operator (`??`) instead of a logical or (`||`), as it is a safer operator  @typescript-eslint/prefer-nullish-coalescing

/Users/yangtao/workspace/AI/zhama/platform/tego-os/zhama/a2ui/src/patterns/stats/stats-grid.ts
  74:27  warning  Prefer using nullish coalescing operator (`??`) instead of a logical or (`||`), as it is a safer operator  @typescript-eslint/prefer-nullish-coalescing

/Users/yangtao/workspace/AI/zhama/platform/tego-os/zhama/a2ui/src/patterns/stats/streak-indicator.ts
  63:29  warning  Prefer using nullish coalescing operator (`??`) instead of a logical or (`||`), as it is a safer operator  @typescript-eslint/prefer-nullish-coalescing

✖ 77 problems (0 errors, 77 warnings)

